<?xml version="1.0" encoding="UTF-8"?>
<testng-results ignored="0" total="2" passed="1" failed="1" skipped="0">
  <reporter-output>
  </reporter-output>
  <suite started-at="2024-05-08T15:48:47 ICT" name="TTCHC8165" finished-at="2024-05-08T15:50:37 ICT" duration-ms="110011">
    <groups>
    </groups>
    <test started-at="2024-05-08T15:48:47 ICT" name="LoaiTrangBi" finished-at="2024-05-08T15:49:30 ICT" duration-ms="42550">
      <class name="TTCH_C8165_prod.CAU_HINH.DM_LoaiTrangBi">
        <test-method is-config="true" signature="Setup()[pri:0, instance:TTCH_C8165_prod.CAU_HINH.DM_LoaiTrangBi@3bd40a57]" started-at="2024-05-08T15:48:47 ICT" name="Setup" finished-at="2024-05-08T15:48:58 ICT" duration-ms="10528" status="PASS">
          <reporter-output>
          </reporter-output>
        </test-method> <!-- Setup -->
        <test-method signature="CreateLoaiTrangBi()[pri:0, instance:TTCH_C8165_prod.CAU_HINH.DM_LoaiTrangBi@3bd40a57]" started-at="2024-05-08T15:48:58 ICT" name="CreateLoaiTrangBi" finished-at="2024-05-08T15:49:29 ICT" duration-ms="30848" status="PASS">
          <reporter-output>
          </reporter-output>
        </test-method> <!-- CreateLoaiTrangBi -->
        <test-method is-config="true" signature="afterTest()[pri:0, instance:TTCH_C8165_prod.CAU_HINH.DM_LoaiTrangBi@3bd40a57]" started-at="2024-05-08T15:49:29 ICT" name="afterTest" finished-at="2024-05-08T15:49:30 ICT" duration-ms="1152" status="PASS">
          <reporter-output>
          </reporter-output>
        </test-method> <!-- afterTest -->
      </class> <!-- TTCH_C8165_prod.CAU_HINH.DM_LoaiTrangBi -->
    </test> <!-- LoaiTrangBi -->
    <test started-at="2024-05-08T15:49:30 ICT" name="TenTrangBi" finished-at="2024-05-08T15:50:37 ICT" duration-ms="67438">
      <class name="TTCH_C8165_prod.CAU_HINH.DM_TenTrangBi">
        <test-method is-config="true" signature="Setup()[pri:0, instance:TTCH_C8165_prod.CAU_HINH.DM_TenTrangBi@ec756bd]" started-at="2024-05-08T15:49:30 ICT" name="Setup" finished-at="2024-05-08T15:49:41 ICT" duration-ms="10720" status="PASS">
          <reporter-output>
          </reporter-output>
        </test-method> <!-- Setup -->
        <test-method signature="CreateLoaiTrangBi()[pri:0, instance:TTCH_C8165_prod.CAU_HINH.DM_TenTrangBi@ec756bd]" started-at="2024-05-08T15:49:41 ICT" name="CreateLoaiTrangBi" finished-at="2024-05-08T15:50:36 ICT" duration-ms="55558" status="FAIL">
          <exception class="org.openqa.selenium.TimeoutException">
            <message>
              <![CDATA[Expected condition failed: waiting for visibility of element located by By.xpath: //*[@id="equipmentGroupName"] (tried for 30 second(s) with 5000 milliseconds interval)
Build info: version: '4.19.1', revision: 'abe0ee07dc'
System info: os.name: 'Windows 10', os.arch: 'amd64', os.version: '10.0', java.version: '21.0.1'
Driver info: driver.version: unknown]]>
            </message>
            <full-stacktrace>
              <![CDATA[org.openqa.selenium.TimeoutException: Expected condition failed: waiting for visibility of element located by By.xpath: //*[@id="equipmentGroupName"] (tried for 30 second(s) with 5000 milliseconds interval)
Build info: version: '4.19.1', revision: 'abe0ee07dc'
System info: os.name: 'Windows 10', os.arch: 'amd64', os.version: '10.0', java.version: '21.0.1'
Driver info: driver.version: unknown
at org.openqa.selenium.support.ui.FluentWait.timeoutException(FluentWait.java:265)
at org.openqa.selenium.support.ui.FluentWait.until(FluentWait.java:228)
at TTCH_C8165_prod.CAU_HINH.DM_TenTrangBi.CreateLoaiTrangBi(DM_TenTrangBi.java:54)
at java.base/jdk.internal.reflect.DirectMethodHandleAccessor.invoke(DirectMethodHandleAccessor.java:103)
at java.base/java.lang.reflect.Method.invoke(Method.java:580)
at org.testng.internal.invokers.MethodInvocationHelper.invokeMethod(MethodInvocationHelper.java:139)
at org.testng.internal.invokers.TestInvoker.invokeMethod(TestInvoker.java:677)
at org.testng.internal.invokers.TestInvoker.invokeTestMethod(TestInvoker.java:221)
at org.testng.internal.invokers.MethodRunner.runInSequence(MethodRunner.java:50)
at org.testng.internal.invokers.TestInvoker$MethodInvocationAgent.invoke(TestInvoker.java:969)
at org.testng.internal.invokers.TestInvoker.invokeTestMethods(TestInvoker.java:194)
at org.testng.internal.invokers.TestMethodWorker.invokeTestMethods(TestMethodWorker.java:148)
at org.testng.internal.invokers.TestMethodWorker.run(TestMethodWorker.java:128)
at java.base/java.util.ArrayList.forEach(ArrayList.java:1596)
at org.testng.TestRunner.privateRun(TestRunner.java:829)
at org.testng.TestRunner.run(TestRunner.java:602)
at org.testng.SuiteRunner.runTest(SuiteRunner.java:437)
at org.testng.SuiteRunner.runSequentially(SuiteRunner.java:431)
at org.testng.SuiteRunner.privateRun(SuiteRunner.java:391)
at org.testng.SuiteRunner.run(SuiteRunner.java:330)
at org.testng.SuiteRunnerWorker.runSuite(SuiteRunnerWorker.java:52)
at org.testng.SuiteRunnerWorker.run(SuiteRunnerWorker.java:95)
at org.testng.TestNG.runSuitesSequentially(TestNG.java:1256)
at org.testng.TestNG.runSuitesLocally(TestNG.java:1176)
at org.testng.TestNG.runSuites(TestNG.java:1099)
at org.testng.TestNG.run(TestNG.java:1067)
at com.intellij.rt.testng.IDEARemoteTestNG.run(IDEARemoteTestNG.java:65)
at com.intellij.rt.testng.RemoteTestNGStarter.main(RemoteTestNGStarter.java:105)
]]>
            </full-stacktrace>
          </exception> <!-- org.openqa.selenium.TimeoutException -->
          <reporter-output>
          </reporter-output>
        </test-method> <!-- CreateLoaiTrangBi -->
        <test-method is-config="true" signature="afterTest()[pri:0, instance:TTCH_C8165_prod.CAU_HINH.DM_TenTrangBi@ec756bd]" started-at="2024-05-08T15:50:36 ICT" name="afterTest" finished-at="2024-05-08T15:50:37 ICT" duration-ms="1155" status="PASS">
          <reporter-output>
          </reporter-output>
        </test-method> <!-- afterTest -->
      </class> <!-- TTCH_C8165_prod.CAU_HINH.DM_TenTrangBi -->
    </test> <!-- TenTrangBi -->
  </suite> <!-- TTCHC8165 -->
</testng-results>
